mode: set
praktikum/controllers/auth-controller.go:12.44,15.20 3 1
praktikum/controllers/auth-controller.go:15.20,17.3 1 0
praktikum/controllers/auth-controller.go:19.2,20.16 2 1
praktikum/controllers/auth-controller.go:20.16,22.3 1 1
praktikum/controllers/auth-controller.go:23.2,28.102 2 1
praktikum/controllers/book-controller.go:16.47,20.53 2 1
praktikum/controllers/book-controller.go:20.53,24.3 1 1
praktikum/controllers/book-controller.go:26.2,26.95 1 1
praktikum/controllers/book-controller.go:32.46,39.16 4 1
praktikum/controllers/book-controller.go:39.16,41.3 1 1
praktikum/controllers/book-controller.go:42.2,42.89 1 1
praktikum/controllers/book-controller.go:47.49,53.52 3 1
praktikum/controllers/book-controller.go:53.52,57.3 1 1
praktikum/controllers/book-controller.go:59.2,59.96 1 1
praktikum/controllers/book-controller.go:65.49,72.16 4 1
praktikum/controllers/book-controller.go:72.16,74.3 1 1
praktikum/controllers/book-controller.go:75.2,75.92 1 1
praktikum/controllers/book-controller.go:81.49,88.16 4 1
praktikum/controllers/book-controller.go:88.16,90.3 1 1
praktikum/controllers/book-controller.go:92.2,93.39 2 1
praktikum/controllers/book-controller.go:93.39,95.3 1 0
praktikum/controllers/book-controller.go:97.2,103.92 5 1
praktikum/controllers/user-controller.go:16.47,20.53 2 1
praktikum/controllers/user-controller.go:20.53,24.3 1 1
praktikum/controllers/user-controller.go:26.2,26.94 1 1
praktikum/controllers/user-controller.go:32.46,39.16 4 1
praktikum/controllers/user-controller.go:39.16,41.3 1 1
praktikum/controllers/user-controller.go:42.2,42.83 1 1
praktikum/controllers/user-controller.go:47.49,53.52 3 1
praktikum/controllers/user-controller.go:53.52,57.3 1 1
praktikum/controllers/user-controller.go:59.2,59.96 1 1
praktikum/controllers/user-controller.go:65.49,72.16 4 1
praktikum/controllers/user-controller.go:72.16,74.3 1 1
praktikum/controllers/user-controller.go:75.2,75.92 1 1
praktikum/controllers/user-controller.go:81.49,88.16 4 1
praktikum/controllers/user-controller.go:88.16,90.3 1 1
praktikum/controllers/user-controller.go:92.2,93.39 2 1
praktikum/controllers/user-controller.go:93.39,95.3 1 0
praktikum/controllers/user-controller.go:97.2,103.92 5 1
